** ComfyUI startup time: 2024-01-11 14:27:20.737167
** Platform: Linux
** Python version: 3.10.6 (main, Jan  9 2024, 13:34:03) [GCC 11.4.0]
** Python executable: /root/.pyenv/versions/3.10.6/bin/python
** Log path: /src/comfyui.log

Prestartup times for custom nodes:
   0.0 seconds: /src/ComfyUI/custom_nodes/ComfyUI-Manager

Total VRAM 24240 MB, total RAM 128650 MB
Set vram state to: NORMAL_VRAM
Device: cuda:0 NVIDIA RTX A5000 : cudaMallocAsync
VAE dtype: torch.bfloat16
Using pytorch cross attention
Traceback (most recent call last):
  File "/src/ComfyUI/nodes.py", line 1813, in load_custom_node
    module_spec.loader.exec_module(module)
  File "<frozen importlib._bootstrap_external>", line 883, in exec_module
  File "<frozen importlib._bootstrap>", line 241, in _call_with_frames_removed
  File "/src/ComfyUI/custom_nodes/eden_comfy_pipelines/__init__.py", line 5, in <module>
    from clip_utils.clip_tools import CLIP_Interrogator
  File "/src/ComfyUI/custom_nodes/eden_comfy_pipelines/clip_utils/clip_tools.py", line 8, in <module>
    from . import clip_interrogator
  File "/src/ComfyUI/custom_nodes/eden_comfy_pipelines/clip_utils/clip_interrogator.py", line 28, in <module>
    sys.path.append('..')
NameError: name 'sys' is not defined

Cannot import /src/ComfyUI/custom_nodes/eden_comfy_pipelines module for custom nodes: name 'sys' is not defined
### Loading: ComfyUI-Manager (V1.17.1)
## ComfyUI-Manager: installing dependencies
 Collecting GitPython
   Downloading GitPython-3.1.41-py3-none-any.whl (196 kB)
      ━━━━━━━━━━━━━━━━━━━━━━━━━━━━━━━━━━━━━━━ 196.4/196.4 kB 3.6 MB/s eta 0:00:00
 Collecting matrix-client==0.4.0
   Downloading matrix_client-0.4.0-py2.py3-none-any.whl (43 kB)
      ━━━━━━━━━━━━━━━━━━━━━━━━━━━━━━━━━━━━━━━━ 43.5/43.5 kB 13.6 MB/s eta 0:00:00
 Collecting urllib3~=1.21
   Downloading urllib3-1.26.18-py2.py3-none-any.whl (143 kB)
      ━━━━━━━━━━━━━━━━━━━━━━━━━━━━━━━━━━━━━━ 143.8/143.8 kB 17.6 MB/s eta 0:00:00
 Requirement already satisfied: requests~=2.22 in /root/.pyenv/versions/3.10.6/lib/python3.10/site-packages (from matrix-client==0.4.0->-r /src/ComfyUI/custom_nodes/ComfyUI-Manager/requirements.txt (line 2)) (2.31.0)
 Collecting gitdb<5,>=4.0.1
   Downloading gitdb-4.0.11-py3-none-any.whl (62 kB)
      ━━━━━━━━━━━━━━━━━━━━━━━━━━━━━━━━━━━━━━━━ 62.7/62.7 kB 12.9 MB/s eta 0:00:00
 Collecting smmap<6,>=3.0.1
   Downloading smmap-5.0.1-py3-none-any.whl (24 kB)
 Requirement already satisfied: certifi>=2017.4.17 in /root/.pyenv/versions/3.10.6/lib/python3.10/site-packages (from requests~=2.22->matrix-client==0.4.0->-r /src/ComfyUI/custom_nodes/ComfyUI-Manager/requirements.txt (line 2)) (2023.11.17)
 Requirement already satisfied: charset-normalizer<4,>=2 in /root/.pyenv/versions/3.10.6/lib/python3.10/site-packages (from requests~=2.22->matrix-client==0.4.0->-r /src/ComfyUI/custom_nodes/ComfyUI-Manager/requirements.txt (line 2)) (3.3.2)
 Requirement already satisfied: idna<4,>=2.5 in /root/.pyenv/versions/3.10.6/lib/python3.10/site-packages (from requests~=2.22->matrix-client==0.4.0->-r /src/ComfyUI/custom_nodes/ComfyUI-Manager/requirements.txt (line 2)) (3.6)
 Installing collected packages: urllib3, smmap, gitdb, matrix-client, GitPython
   Attempting uninstall: urllib3
     Found existing installation: urllib3 2.1.0
     Uninstalling urllib3-2.1.0:
       Successfully uninstalled urllib3-2.1.0
 Successfully installed GitPython-3.1.41 gitdb-4.0.11 matrix-client-0.4.0 smmap-5.0.1 urllib3-1.26.18
[!] WARNING: Running pip as the 'root' user can result in broken permissions and conflicting behaviour with the system package manager. It is recommended to use a virtual environment instead: https://pip.pypa.io/warnings/venv
[!] 
[!] [notice] A new release of pip available: 22.2.1 -> 23.3.2
[!] [notice] To update, run: pip install --upgrade pip
## ComfyUI-Manager: installing dependencies done.
### ComfyUI Revision: 1863 [12e822c6] | Released on '2023-12-28'
FETCH DATA from: https://raw.githubusercontent.com/ltdrdata/ComfyUI-Manager/main/custom-node-list.json
FETCH DATA from: https://raw.githubusercontent.com/ltdrdata/ComfyUI-Manager/main/extension-node-map.json
FETCH DATA from: https://raw.githubusercontent.com/ltdrdata/ComfyUI-Manager/main/model-list.json
FETCH DATA from: https://raw.githubusercontent.com/ltdrdata/ComfyUI-Manager/main/alter-list.json
[ComfyUI-Manager] default cache updated: https://raw.githubusercontent.com/ltdrdata/ComfyUI-Manager/main/model-list.json
[ComfyUI-Manager] default cache updated: https://raw.githubusercontent.com/ltdrdata/ComfyUI-Manager/main/alter-list.json
[ComfyUI-Manager] default cache updated: https://raw.githubusercontent.com/ltdrdata/ComfyUI-Manager/main/extension-node-map.json
[ComfyUI-Manager] default cache updated: https://raw.githubusercontent.com/ltdrdata/ComfyUI-Manager/main/custom-node-list.json
Searge-SDXL v4.3.1 in /src/ComfyUI/custom_nodes/SeargeSDXL
[36;20m[comfyui_controlnet_aux] | INFO -> Using ckpts path: /src/ComfyUI/custom_nodes/comfyui_controlnet_aux/ckpts[0m
[36;20m[comfyui_controlnet_aux] | INFO -> Using symlinks: False[0m
[36;20m[comfyui_controlnet_aux] | INFO -> Using ort providers: ['CUDAExecutionProvider', 'DirectMLExecutionProvider', 'OpenVINOExecutionProvider', 'ROCMExecutionProvider', 'CPUExecutionProvider', 'CoreMLExecutionProvider'][0m
Downloading: "https://download.pytorch.org/models/mobilenet_v2-b0353104.pth" to /root/.cache/torch/hub/checkpoints/mobilenet_v2-b0353104.pth
/src/ComfyUI/custom_nodes/comfyui_controlnet_aux/node_wrappers/dwpose.py:25: UserWarning: DWPose: Onnxruntime not found or doesn't come with acceleration providers, switch to OpenCV with CPU device. DWPose might run very slowly
  warnings.warn("DWPose: Onnxruntime not found or doesn't come with acceleration providers, switch to OpenCV with CPU device. DWPose might run very slowly")
Adding /src/ComfyUI/custom_nodes to sys.path
Could not find efficiency nodes
Loaded ControlNetPreprocessors nodes from /src/ComfyUI/custom_nodes/comfyui_controlnet_aux
No module named 'control'
Could not find AnimateDiff nodes
Loaded IPAdapter nodes from /src/ComfyUI/custom_nodes/ComfyUI_IPAdapter_plus
Traceback (most recent call last):
  File "/src/ComfyUI/nodes.py", line 1813, in load_custom_node
    module_spec.loader.exec_module(module)
  File "<frozen importlib._bootstrap_external>", line 883, in exec_module
  File "<frozen importlib._bootstrap>", line 241, in _call_with_frames_removed
  File "/src/ComfyUI/custom_nodes/comfyui-art-venture/__init__.py", line 10, in <module>
    from .modules.nodes import NODE_CLASS_MAPPINGS, NODE_DISPLAY_NAME_MAPPINGS
  File "/src/ComfyUI/custom_nodes/comfyui-art-venture/modules/nodes.py", line 54, in <module>
    from .inpaint import (
  File "/src/ComfyUI/custom_nodes/comfyui-art-venture/modules/inpaint/__init__.py", line 1, in <module>
    from .nodes import NODE_CLASS_MAPPINGS, NODE_DISPLAY_NAME_MAPPINGS
  File "/src/ComfyUI/custom_nodes/comfyui-art-venture/modules/inpaint/nodes.py", line 7, in <module>
    from .sam.nodes import SAMLoader, GetSAMEmbedding, SAMEmbeddingToImage
  File "/src/ComfyUI/custom_nodes/comfyui-art-venture/modules/inpaint/sam/nodes.py", line 5, in <module>
    from segment_anything import SamPredictor, sam_model_registry
ModuleNotFoundError: No module named 'segment_anything'

Cannot import /src/ComfyUI/custom_nodes/comfyui-art-venture module for custom nodes: No module named 'segment_anything'
------------------------------------------------
[34mComfyroll Custom Nodes v1.55 : [92m 165 Nodes Loaded[0m
------------------------------------------------
[34mFizzleDorf Custom Nodes: [92mLoaded[0m
[92m[tinyterraNodes] [32mLoaded[0m

Import times for custom nodes:
   0.0 seconds: /src/ComfyUI/custom_nodes/ComfyUI_IPAdapter_plus
   0.0 seconds: /src/ComfyUI/custom_nodes/ComfyUi_NNLatentUpscale
   0.0 seconds: /src/ComfyUI/custom_nodes/ComfyUI_FizzNodes
   0.0 seconds: /src/ComfyUI/custom_nodes/ComfyUI-Advanced-ControlNet
   0.0 seconds: /src/ComfyUI/custom_nodes/ComfyUI-AnimateDiff-Evolved
   0.0 seconds: /src/ComfyUI/custom_nodes/ComfyUI-Frame-Interpolation
   0.0 seconds: /src/ComfyUI/custom_nodes/ComfyUI_essentials
   0.0 seconds: /src/ComfyUI/custom_nodes/ComfyUI_Comfyroll_CustomNodes
   0.0 seconds (IMPORT FAILED): /src/ComfyUI/custom_nodes/comfyui-art-venture
   0.0 seconds: /src/ComfyUI/custom_nodes/ComfyUI_tinyterraNodes
   0.1 seconds: /src/ComfyUI/custom_nodes/ComfyUI-VideoHelperSuite
   0.4 seconds: /src/ComfyUI/custom_nodes/SeargeSDXL
   1.9 seconds: /src/ComfyUI/custom_nodes/comfyui_controlnet_aux
   1.9 seconds (IMPORT FAILED): /src/ComfyUI/custom_nodes/eden_comfy_pipelines
   3.0 seconds: /src/ComfyUI/custom_nodes/ComfyUI-Manager

Starting server

To see the GUI go to: http://127.0.0.1:8188
got prompt
Error handling request
Traceback (most recent call last):
  File "/root/.pyenv/versions/3.10.6/lib/python3.10/site-packages/aiohttp/web_protocol.py", line 452, in _handle_request
    resp = await request_handler(request)
  File "/root/.pyenv/versions/3.10.6/lib/python3.10/site-packages/aiohttp/web_app.py", line 543, in _handle
    resp = await handler(request)
  File "/root/.pyenv/versions/3.10.6/lib/python3.10/site-packages/aiohttp/web_middlewares.py", line 114, in impl
    return await handler(request)
  File "/src/ComfyUI/server.py", line 46, in cache_control
    response: web.Response = await handler(request)
  File "/src/ComfyUI/server.py", line 472, in post_prompt
    valid = execution.validate_prompt(prompt)
  File "/src/ComfyUI/execution.py", line 600, in validate_prompt
    class_ = nodes.NODE_CLASS_MAPPINGS[prompt[x]['class_type']]
KeyError: 'CLIP_Interrogator'
